#
# A fatal error has been detected by the Java Runtime Environment:
#
#  EXCEPTION_ACCESS_VIOLATION (0xc0000005) at pc=0x00007ffc2fbf13ad, pid=16092, tid=0x0000000000003114
#
# JRE version: Java(TM) SE Runtime Environment (8.0_221-b11) (build 1.8.0_221-b11)
# Java VM: Java HotSpot(TM) 64-Bit Server VM (25.221-b11 mixed mode windows-amd64 compressed oops)
# Problematic frame:
# C  [ntdll.dll+0x213ad]
#
# Failed to write core dump. Minidumps are not enabled by default on client versions of Windows
#
# If you would like to submit a bug report, please visit:
#   http://bugreport.java.com/bugreport/crash.jsp
# The crash happened outside the Java Virtual Machine in native code.
# See problematic frame for where to report the bug.
#

---------------  T H R E A D  ---------------

Current thread (0x000000001b02f800):  JavaThread "JavaFX Application Thread" [_thread_in_native, id=12564, stack(0x000000001bd40000,0x000000001be40000)]

siginfo: ExceptionCode=0xc0000005, reading address 0xffffffffffffffff

Registers:
RAX=0x0000000000ea8000, RBX=0x0000000000000002, RCX=0x656c626154736c69, RDX=0x0000000000000002
RSP=0x000000001be3d340, RBP=0x000000001be3d4e0, RSI=0x0000000027b590d8, RDI=0x0000000000000002
R8 =0x00000000000000c2, R9 =0x00000000d5fb23f0, R10=0x000000000000011e, R11=0x0000000069d87940
R12=0x00000000209f4b08, R13=0x0000000023af2b40, R14=0x000000001be3d518, R15=0x000000001b02f800
RIP=0x00007ffc2fbf13ad, EFLAGS=0x0000000000010202

Top of Stack: (sp=0x000000001be3d340)
0x000000001be3d340:   000000001b007c00 000000000000000f
0x000000001be3d350:   000000001b02f9f8 0000000000000001
0x000000001be3d360:   000000001b02f800 0000000066e1bae3
0x000000001be3d370:   0000000023af2a80 0000000000000000
0x000000001be3d380:   000000001b02f800 000000001be3d570
0x000000001be3d390:   000000001be3d520 0000000027b590d8
0x000000001be3d3a0:   000000001b02f9f8 0000000066e37fde
0x000000001be3d3b0:   0000000018202eca 000000001b02f800
0x000000001be3d3c0:   000000001be3d490 00000000697ae72f
0x000000001be3d3d0:   000000001be3d490 0000000027b590d8
0x000000001be3d3e0:   000000001b02f9f8 0000000066e02a43
0x000000001be3d3f0:   000000001be3d490 00000000697aedaa
0x000000001be3d400:   000000001afcf390 000000001b02f800
0x000000001be3d410:   0000000000000108 000000001b02f800
0x000000001be3d420:   0000000023af2b40 0000000000000108
0x000000001be3d430:   0000000000000010 000000001be3d4e0 

Instructions: (pc=0x00007ffc2fbf13ad)
0x00007ffc2fbf138d:   5e c3 cc f0 ff 43 3c eb c7 cc cc cc cc cc cc cc
0x00007ffc2fbf139d:   cc cc cc 48 83 ec 28 65 48 8b 04 25 30 00 00 00
0x00007ffc2fbf13ad:   f0 0f ba 71 08 00 48 8b 40 48 73 13 48 89 41 10
0x00007ffc2fbf13bd:   33 c0 c7 41 0c 01 00 00 00 48 83 c4 28 c3 cc 48 


Register to memory mapping:

RAX=0x0000000000ea8000 is an unknown value
RBX=0x0000000000000002 is an unknown value
RCX=0x656c626154736c69 is an unknown value
RDX=0x0000000000000002 is an unknown value
RSP=0x000000001be3d340 is pointing into the stack for thread: 0x000000001b02f800
RBP=0x000000001be3d4e0 is pointing into the stack for thread: 0x000000001b02f800
RSI=0x0000000027b590d8 is an unknown value
RDI=0x0000000000000002 is an unknown value
R8 =0x00000000000000c2 is an unknown value
R9 =0x00000000d5fb23f0 is an oop
org.sqlite.core.NativeDB 
 - klass: 'org/sqlite/core/NativeDB'
R10=0x000000000000011e is an unknown value
R11=0x0000000069d87940 is an unknown value
R12=0x00000000209f4b08 is an unknown value
R13={method} {0x0000000023af2b48} 'column_text_utf8' '(JI)[B' in 'org/sqlite/core/NativeDB'
R14=0x000000001be3d518 is pointing into the stack for thread: 0x000000001b02f800
R15=0x000000001b02f800 is a thread


Stack: [0x000000001bd40000,0x000000001be40000],  sp=0x000000001be3d340,  free space=1012k
Native frames: (J=compiled Java code, j=interpreted, Vv=VM code, C=native code)
C  [ntdll.dll+0x213ad]
C  [sqlite-3.25.2-0b0ba773-ccbf-430c-9f9c-215d8c545210-sqlitejdbc.dll+0x1bae3]
C  [sqlite-3.25.2-0b0ba773-ccbf-430c-9f9c-215d8c545210-sqlitejdbc.dll+0x37fde]
C  [sqlite-3.25.2-0b0ba773-ccbf-430c-9f9c-215d8c545210-sqlitejdbc.dll+0x2a43]
C  0x00000000032597db

Java frames: (J=compiled Java code, j=interpreted, Vv=VM code)
j  org.sqlite.core.NativeDB.column_text_utf8(JI)[B+0
j  org.sqlite.core.NativeDB.column_text(JI)Ljava/lang/String;+3
j  org.sqlite.jdbc3.JDBC3ResultSet.getString(I)Ljava/lang/String;+18
j  org.sqlite.jdbc3.JDBC3ResultSet.getString(Ljava/lang/String;)Ljava/lang/String;+6
j  com.clickdigitalsolutions.rentverticalmenu.PDController.getRepairsDetails()Ljavafx/collections/ObservableList;+1090
j  com.clickdigitalsolutions.rentverticalmenu.PDController.lambda$fetchRepairDetailsFromDBToUI$19(Lcom/clickdigitalsolutions/rentverticalmenu/PDController$FetchRepairDetailsTask;Ljava/time/format/DateTimeFormatter;Ljavafx/concurrent/WorkerStateEvent;)V+242
j  com.clickdigitalsolutions.rentverticalmenu.PDController$$Lambda$604.handle(Ljavafx/event/Event;)V+16
J 4548 C2 com.sun.javafx.event.EventHandlerManager.dispatchBubblingEvent(Ljavafx/event/Event;)Ljavafx/event/Event; (23 bytes) @ 0x00000000033b22b8 [0x00000000033b1700+0xbb8]
J 4102 C2 com.sun.javafx.event.BasicEventDispatcher.dispatchEvent(Ljavafx/event/Event;Ljavafx/event/EventDispatchChain;)Ljavafx/event/Event; (44 bytes) @ 0x0000000003f44cf8 [0x0000000003f44b40+0x1b8]
J 5417 C2 com.sun.javafx.event.EventUtil.fireEvent(Ljavafx/event/EventTarget;Ljavafx/event/Event;)Ljavafx/event/Event; (81 bytes) @ 0x0000000004164774 [0x0000000004164560+0x214]
J 3534 C1 javafx.event.Event.fireEvent(Ljavafx/event/EventTarget;Ljavafx/event/Event;)V (35 bytes) @ 0x0000000003d376ac [0x0000000003d375e0+0xcc]
j  javafx.concurrent.EventHelper.fireEvent(Ljavafx/event/Event;)V+5
j  javafx.concurrent.Task.fireEvent(Ljavafx/event/Event;)V+9
j  javafx.concurrent.Task.setState(Ljavafx/concurrent/Worker$State;)V+207
j  javafx.concurrent.Task$TaskCallable.lambda$call$1(Ljava/lang/Object;)V+15
j  javafx.concurrent.Task$TaskCallable$$Lambda$210.run()V+8
J 5476 C1 com.sun.javafx.application.PlatformImpl$$Lambda$49.run()Ljava/lang/Object; (8 bytes) @ 0x0000000004183a0c [0x00000000041838c0+0x14c]
v  ~StubRoutines::call_stub
J 2317  java.security.AccessController.doPrivileged(Ljava/security/PrivilegedAction;Ljava/security/AccessControlContext;)Ljava/lang/Object; (0 bytes) @ 0x0000000003965a26 [0x00000000039659c0+0x66]
J 5473 C1 com.sun.javafx.application.PlatformImpl.lambda$runLater$6(Ljava/lang/Runnable;Ljava/security/AccessControlContext;)V (38 bytes) @ 0x0000000004182694 [0x0000000004182280+0x414]
J 5472 C1 com.sun.javafx.application.PlatformImpl$$Lambda$48.run()V (12 bytes) @ 0x0000000004181f04 [0x0000000004181e80+0x84]
J 4576 C2 com.sun.glass.ui.InvokeLaterDispatcher$Future.run()V (91 bytes) @ 0x00000000036db63c [0x00000000036db540+0xfc]
v  ~StubRoutines::call_stub
j  com.sun.glass.ui.win.WinApplication._runLoop(Ljava/lang/Runnable;)V+0
j  com.sun.glass.ui.win.WinApplication.lambda$null$3(ILjava/lang/Runnable;)V+8
j  com.sun.glass.ui.win.WinApplication$$Lambda$37.run()V+12
j  java.lang.Thread.run()V+11
v  ~StubRoutines::call_stub

---------------  P R O C E S S  ---------------

Java Threads: ( => current thread )
  0x000000001b4a0800 JavaThread "Database-Connection-1-thread" daemon [_thread_blocked, id=1044, stack(0x0000000024060000,0x0000000024160000)]
  0x000000001b1f5800 JavaThread "Prism Font Disposer" daemon [_thread_blocked, id=1896, stack(0x0000000022b60000,0x0000000022c60000)]
  0x000000001b13c800 JavaThread "Thread-3" daemon [_thread_in_native, id=1744, stack(0x0000000020710000,0x0000000020810000)]
  0x000000001b0b0800 JavaThread "JavaFX-Launcher" [_thread_blocked, id=9908, stack(0x0000000020810000,0x0000000020910000)]
=>0x000000001b02f800 JavaThread "JavaFX Application Thread" [_thread_in_native, id=12564, stack(0x000000001bd40000,0x000000001be40000)]
  0x000000001b00b000 JavaThread "Thread-1" daemon [_thread_blocked, id=13836, stack(0x000000001bc40000,0x000000001bd40000)]
  0x000000001affc800 JavaThread "QuantumRenderer-0" daemon [_thread_blocked, id=7120, stack(0x000000001b990000,0x000000001ba90000)]
  0x000000001a0c9800 JavaThread "Service Thread" daemon [_thread_blocked, id=12008, stack(0x000000001ad10000,0x000000001ae10000)]
  0x000000001a043000 JavaThread "C1 CompilerThread3" daemon [_thread_blocked, id=8832, stack(0x000000001ac10000,0x000000001ad10000)]
  0x000000001a034000 JavaThread "C2 CompilerThread2" daemon [_thread_blocked, id=4696, stack(0x000000001ab10000,0x000000001ac10000)]
  0x000000001a033000 JavaThread "C2 CompilerThread1" daemon [_thread_blocked, id=2724, stack(0x000000001aa10000,0x000000001ab10000)]
  0x000000001a02a800 JavaThread "C2 CompilerThread0" daemon [_thread_blocked, id=2172, stack(0x000000001a910000,0x000000001aa10000)]
  0x000000001a029800 JavaThread "Attach Listener" daemon [_thread_blocked, id=9292, stack(0x000000001a810000,0x000000001a910000)]
  0x000000001820e800 JavaThread "Signal Dispatcher" daemon [_thread_blocked, id=12168, stack(0x000000001a710000,0x000000001a810000)]
  0x000000001a020800 JavaThread "Finalizer" daemon [_thread_blocked, id=9532, stack(0x000000001a500000,0x000000001a600000)]
  0x0000000003238800 JavaThread "Reference Handler" daemon [_thread_blocked, id=15004, stack(0x000000001a400000,0x000000001a500000)]
  0x0000000002f9e800 JavaThread "main" [_thread_blocked, id=3980, stack(0x0000000003040000,0x0000000003140000)]

Other Threads:
  0x00000000181f9800 VMThread [stack: 0x0000000019f00000,0x000000001a000000] [id=8696]
  0x000000001a06c000 WatcherThread [stack: 0x000000001ae10000,0x000000001af10000] [id=6908]

VM state:not at safepoint (normal execution)

VM Mutex/Monitor currently owned by a thread: None

heap address: 0x0000000081400000, size: 2028 MB, Compressed Oops mode: 32-bit
Narrow klass base: 0x0000000000000000, Narrow klass shift: 3
Compressed class space size: 1073741824 Address: 0x0000000100000000

Heap:
 PSYoungGen      total 40960K, used 9747K [0x00000000d5c00000, 0x00000000d8e80000, 0x0000000100000000)
  eden space 31232K, 13% used [0x00000000d5c00000,0x00000000d60271d8,0x00000000d7a80000)
  from space 9728K, 56% used [0x00000000d8500000,0x00000000d8a5dd88,0x00000000d8e80000)
  to   space 10240K, 0% used [0x00000000d7a80000,0x00000000d7a80000,0x00000000d8480000)
 ParOldGen       total 73728K, used 16792K [0x0000000081400000, 0x0000000085c00000, 0x00000000d5c00000)
  object space 73728K, 22% used [0x0000000081400000,0x0000000082466300,0x0000000085c00000)
 Metaspace       used 27392K, capacity 29838K, committed 30080K, reserved 1075200K
  class space    used 3975K, capacity 4376K, committed 4480K, reserved 1048576K

Card table byte_map: [0x0000000012600000,0x0000000012a00000] byte_map_base: 0x00000000121f6000

Marking Bits: (ParMarkBitMap*) 0x0000000069d95ce0
 Begin Bits: [0x00000000134b0000, 0x0000000015460000)
 End Bits:   [0x0000000015460000, 0x0000000017410000)

Polling page: 0x0000000002f80000

CodeCache: size=245760Kb used=15966Kb max_used=16263Kb free=229793Kb
 bounds [0x0000000003240000, 0x0000000004250000, 0x0000000012240000]
 total_blobs=5752 nmethods=5028 adapters=635
 compilation: enabled

Compilation events (10 events):
Event: 1915.860 Thread 0x000000001a043000 5835       3       com.sun.prism.BasicStroke::computeOffset (68 bytes)
Event: 1915.860 Thread 0x000000001a043000 nmethod 5835 0x000000000405b7d0 code [0x000000000405b940, 0x000000000405bbf0]
Event: 1915.860 Thread 0x000000001a043000 5836       3       javafx.scene.shape.MoveTo::impl_addTo (51 bytes)
Event: 1915.862 Thread 0x000000001a043000 nmethod 5836 0x0000000004234750 code [0x0000000004234a00, 0x00000000042361e8]
Event: 1915.862 Thread 0x000000001a043000 5837       3       javafx.scene.shape.MoveTo::getX (19 bytes)
Event: 1915.862 Thread 0x000000001a043000 nmethod 5837 0x0000000003b89e90 code [0x0000000003b8a000, 0x0000000003b8a3c8]
Event: 1915.862 Thread 0x000000001a043000 5838       1       com.sun.javafx.scene.control.behavior.TextInputControlBehavior::isEditing (5 bytes)
Event: 1915.862 Thread 0x000000001a043000 nmethod 5838 0x0000000003df9dd0 code [0x0000000003df9f20, 0x0000000003dfa030]
Event: 1915.862 Thread 0x000000001a043000 5832       1       com.sun.javafx.font.PrismFont::getName (5 bytes)
Event: 1915.862 Thread 0x000000001a043000 nmethod 5832 0x0000000003b35150 code [0x0000000003b352a0, 0x0000000003b353b0]

GC Heap History (10 events):
Event: 155.003 GC heap before
{Heap before GC invocations=5 (full 1):
 PSYoungGen      total 38400K, used 38386K [0x00000000d5c00000, 0x00000000d8f80000, 0x0000000100000000)
  eden space 33280K, 100% used [0x00000000d5c00000,0x00000000d7c80000,0x00000000d7c80000)
  from space 5120K, 99% used [0x00000000d7c80000,0x00000000d817c900,0x00000000d8180000)
  to   space 5120K, 0% used [0x00000000d8a80000,0x00000000d8a80000,0x00000000d8f80000)
 ParOldGen       total 73728K, used 11963K [0x0000000081400000, 0x0000000085c00000, 0x00000000d5c00000)
  object space 73728K, 16% used [0x0000000081400000,0x0000000081faefb8,0x0000000085c00000)
 Metaspace       used 26697K, capacity 29044K, committed 29312K, reserved 1075200K
  class space    used 3963K, capacity 4357K, committed 4480K, reserved 1048576K
Event: 155.026 GC heap after
Heap after GC invocations=5 (full 1):
 PSYoungGen      total 38400K, used 5092K [0x00000000d5c00000, 0x00000000d8f80000, 0x0000000100000000)
  eden space 33280K, 0% used [0x00000000d5c00000,0x00000000d5c00000,0x00000000d7c80000)
  from space 5120K, 99% used [0x00000000d8a80000,0x00000000d8f793a8,0x00000000d8f80000)
  to   space 5120K, 0% used [0x00000000d7c80000,0x00000000d7c80000,0x00000000d8180000)
 ParOldGen       total 73728K, used 16584K [0x0000000081400000, 0x0000000085c00000, 0x00000000d5c00000)
  object space 73728K, 22% used [0x0000000081400000,0x0000000082432300,0x0000000085c00000)
 Metaspace       used 26697K, capacity 29044K, committed 29312K, reserved 1075200K
  class space    used 3963K, capacity 4357K, committed 4480K, reserved 1048576K
}
Event: 663.724 GC heap before
{Heap before GC invocations=6 (full 1):
 PSYoungGen      total 38400K, used 38372K [0x00000000d5c00000, 0x00000000d8f80000, 0x0000000100000000)
  eden space 33280K, 100% used [0x00000000d5c00000,0x00000000d7c80000,0x00000000d7c80000)
  from space 5120K, 99% used [0x00000000d8a80000,0x00000000d8f793a8,0x00000000d8f80000)
  to   space 5120K, 0% used [0x00000000d7c80000,0x00000000d7c80000,0x00000000d8180000)
 ParOldGen       total 73728K, used 16584K [0x0000000081400000, 0x0000000085c00000, 0x00000000d5c00000)
  object space 73728K, 22% used [0x0000000081400000,0x0000000082432300,0x0000000085c00000)
 Metaspace       used 26846K, capacity 29280K, committed 29568K, reserved 1075200K
  class space    used 3970K, capacity 4369K, committed 4480K, reserved 1048576K
Event: 663.739 GC heap after
Heap after GC invocations=6 (full 1):
 PSYoungGen      total 37888K, used 5111K [0x00000000d5c00000, 0x00000000d9100000, 0x0000000100000000)
  eden space 32768K, 0% used [0x00000000d5c00000,0x00000000d5c00000,0x00000000d7c00000)
  from space 5120K, 99% used [0x00000000d7c80000,0x00000000d817dd88,0x00000000d8180000)
  to   space 10752K, 0% used [0x00000000d8680000,0x00000000d8680000,0x00000000d9100000)
 ParOldGen       total 73728K, used 16776K [0x0000000081400000, 0x0000000085c00000, 0x00000000d5c00000)
  object space 73728K, 22% used [0x0000000081400000,0x0000000082462300,0x0000000085c00000)
 Metaspace       used 26846K, capacity 29280K, committed 29568K, reserved 1075200K
  class space    used 3970K, capacity 4369K, committed 4480K, reserved 1048576K
}
Event: 1061.692 GC heap before
{Heap before GC invocations=7 (full 1):
 PSYoungGen      total 37888K, used 37879K [0x00000000d5c00000, 0x00000000d9100000, 0x0000000100000000)
  eden space 32768K, 100% used [0x00000000d5c00000,0x00000000d7c00000,0x00000000d7c00000)
  from space 5120K, 99% used [0x00000000d7c80000,0x00000000d817dd88,0x00000000d8180000)
  to   space 10752K, 0% used [0x00000000d8680000,0x00000000d8680000,0x00000000d9100000)
 ParOldGen       total 73728K, used 16776K [0x0000000081400000, 0x0000000085c00000, 0x00000000d5c00000)
  object space 73728K, 22% used [0x0000000081400000,0x0000000082462300,0x0000000085c00000)
 Metaspace       used 27089K, capacity 29508K, committed 29824K, reserved 1075200K
  class space    used 3973K, capacity 4375K, committed 4480K, reserved 1048576K
Event: 1061.707 GC heap after
Heap after GC invocations=7 (full 1):
 PSYoungGen      total 42496K, used 5399K [0x00000000d5c00000, 0x00000000d9080000, 0x0000000100000000)
  eden space 32256K, 0% used [0x00000000d5c00000,0x00000000d5c00000,0x00000000d7b80000)
  from space 10240K, 52% used [0x00000000d8680000,0x00000000d8bc5d88,0x00000000d9080000)
  to   space 10752K, 0% used [0x00000000d7b80000,0x00000000d7b80000,0x00000000d8600000)
 ParOldGen       total 73728K, used 16776K [0x0000000081400000, 0x0000000085c00000, 0x00000000d5c00000)
  object space 73728K, 22% used [0x0000000081400000,0x0000000082462300,0x0000000085c00000)
 Metaspace       used 27089K, capacity 29508K, committed 29824K, reserved 1075200K
  class space    used 3973K, capacity 4375K, committed 4480K, reserved 1048576K
}
Event: 1386.155 GC heap before
{Heap before GC invocations=8 (full 1):
 PSYoungGen      total 42496K, used 37655K [0x00000000d5c00000, 0x00000000d9080000, 0x0000000100000000)
  eden space 32256K, 100% used [0x00000000d5c00000,0x00000000d7b80000,0x00000000d7b80000)
  from space 10240K, 52% used [0x00000000d8680000,0x00000000d8bc5d88,0x00000000d9080000)
  to   space 10752K, 0% used [0x00000000d7b80000,0x00000000d7b80000,0x00000000d8600000)
 ParOldGen       total 73728K, used 16776K [0x0000000081400000, 0x0000000085c00000, 0x00000000d5c00000)
  object space 73728K, 22% used [0x0000000081400000,0x0000000082462300,0x0000000085c00000)
 Metaspace       used 27316K, capacity 29768K, committed 30080K, reserved 1075200K
  class space    used 3974K, capacity 4375K, committed 4480K, reserved 1048576K
Event: 1386.171 GC heap after
Heap after GC invocations=8 (full 1):
 PSYoungGen      total 37376K, used 5495K [0x00000000d5c00000, 0x00000000d8f00000, 0x0000000100000000)
  eden space 31744K, 0% used [0x00000000d5c00000,0x00000000d5c00000,0x00000000d7b00000)
  from space 5632K, 97% used [0x00000000d7b80000,0x00000000d80ddd88,0x00000000d8100000)
  to   space 10240K, 0% used [0x00000000d8500000,0x00000000d8500000,0x00000000d8f00000)
 ParOldGen       total 73728K, used 16784K [0x0000000081400000, 0x0000000085c00000, 0x00000000d5c00000)
  object space 73728K, 22% used [0x0000000081400000,0x0000000082464300,0x0000000085c00000)
 Metaspace       used 27316K, capacity 29768K, committed 30080K, reserved 1075200K
  class space    used 3974K, capacity 4375K, committed 4480K, reserved 1048576K
}
Event: 1909.820 GC heap before
{Heap before GC invocations=9 (full 1):
 PSYoungGen      total 37376K, used 37239K [0x00000000d5c00000, 0x00000000d8f00000, 0x0000000100000000)
  eden space 31744K, 100% used [0x00000000d5c00000,0x00000000d7b00000,0x00000000d7b00000)
  from space 5632K, 97% used [0x00000000d7b80000,0x00000000d80ddd88,0x00000000d8100000)
  to   space 10240K, 0% used [0x00000000d8500000,0x00000000d8500000,0x00000000d8f00000)
 ParOldGen       total 73728K, used 16784K [0x0000000081400000, 0x0000000085c00000, 0x00000000d5c00000)
  object space 73728K, 22% used [0x0000000081400000,0x0000000082464300,0x0000000085c00000)
 Metaspace       used 27334K, capacity 29768K, committed 30080K, reserved 1075200K
  class space    used 3975K, capacity 4375K, committed 4480K, reserved 1048576K
Event: 1909.826 GC heap after
Heap after GC invocations=9 (full 1):
 PSYoungGen      total 40960K, used 5495K [0x00000000d5c00000, 0x00000000d8e80000, 0x0000000100000000)
  eden space 31232K, 0% used [0x00000000d5c00000,0x00000000d5c00000,0x00000000d7a80000)
  from space 9728K, 56% used [0x00000000d8500000,0x00000000d8a5dd88,0x00000000d8e80000)
  to   space 10240K, 0% used [0x00000000d7a80000,0x00000000d7a80000,0x00000000d8480000)
 ParOldGen       total 73728K, used 16792K [0x0000000081400000, 0x0000000085c00000, 0x00000000d5c00000)
  object space 73728K, 22% used [0x0000000081400000,0x0000000082466300,0x0000000085c00000)
 Metaspace       used 27334K, capacity 29768K, committed 30080K, reserved 1075200K
  class space    used 3975K, capacity 4375K, committed 4480K, reserved 1048576K
}

Deoptimization events (10 events):
Event: 956.357 Thread 0x000000001b02f800 Uncommon trap: reason=bimorphic action=maybe_recompile pc=0x0000000003c2de50 method=javafx.scene.Node.localToParent(Lcom/sun/javafx/geom/Vec3d;)V @ 10
Event: 956.357 Thread 0x000000001b02f800 Uncommon trap: reason=bimorphic action=maybe_recompile pc=0x0000000003c2de50 method=javafx.scene.Node.localToParent(Lcom/sun/javafx/geom/Vec3d;)V @ 10
Event: 956.357 Thread 0x000000001b02f800 Uncommon trap: reason=bimorphic action=maybe_recompile pc=0x0000000003c2de50 method=javafx.scene.Node.localToParent(Lcom/sun/javafx/geom/Vec3d;)V @ 10
Event: 956.357 Thread 0x000000001b02f800 Uncommon trap: reason=bimorphic action=maybe_recompile pc=0x0000000003c2de50 method=javafx.scene.Node.localToParent(Lcom/sun/javafx/geom/Vec3d;)V @ 10
Event: 961.404 Thread 0x000000001b02f800 Uncommon trap: reason=unstable_if action=reinterpret pc=0x0000000004012230 method=javafx.scene.Node.updateLocalToParentTransform()V @ 134
Event: 1173.341 Thread 0x000000001affc800 Uncommon trap: reason=unstable_if action=reinterpret pc=0x000000000358f914 method=java.lang.ref.ReferenceQueue.poll()Ljava/lang/ref/Reference; @ 4
Event: 1186.945 Thread 0x000000001b02f800 Uncommon trap: reason=class_check action=maybe_recompile pc=0x000000000409ebe4 method=javafx.scene.shape.Shape.impl_computeContains(DD)Z @ 4
Event: 1186.953 Thread 0x000000001b02f800 Uncommon trap: reason=class_check action=maybe_recompile pc=0x000000000409ebe4 method=javafx.scene.shape.Shape.impl_computeContains(DD)Z @ 4
Event: 1186.961 Thread 0x000000001b02f800 Uncommon trap: reason=class_check action=maybe_recompile pc=0x000000000409ebe4 method=javafx.scene.shape.Shape.impl_computeContains(DD)Z @ 4
Event: 1195.379 Thread 0x000000001b02f800 Uncommon trap: reason=unstable_if action=reinterpret pc=0x0000000003f82110 method=com.sun.javafx.css.StyleManager$CacheContainer.getStyleMap(I)Lcom/sun/javafx/css/StyleMap; @ 9

Classes redefined (0 events):
No events

Internal exceptions (10 events):
Event: 2.066 Thread 0x000000001b02f800 Exception <a 'java/io/FileNotFoundException'> (0x00000000d76adc00) thrown at [C:\re\workspace\8-2-build-windows-amd64-cygwin\jdk8u221\13320\hotspot\src\share\vm\prims\jni.cpp, line 710]
Event: 2.066 Thread 0x000000001b02f800 Exception <a 'java/io/FileNotFoundException'> (0x00000000d76af248) thrown at [C:\re\workspace\8-2-build-windows-amd64-cygwin\jdk8u221\13320\hotspot\src\share\vm\prims\jni.cpp, line 710]
Event: 2.139 Thread 0x000000001b02f800 Implicit null exception at 0x00000000039f29b3 to 0x00000000039f4259
Event: 7.153 Thread 0x000000001b02f800 Implicit null exception at 0x0000000003ce49ba to 0x0000000003ce5069
Event: 7.153 Thread 0x000000001b02f800 Implicit null exception at 0x0000000003c739e3 to 0x0000000003c74f4d
Event: 7.153 Thread 0x000000001b02f800 Implicit null exception at 0x0000000003b25887 to 0x0000000003b258dd
Event: 63.678 Thread 0x000000001b02f800 Implicit null exception at 0x0000000003da27bc to 0x0000000003dab235
Event: 76.353 Thread 0x000000001b02f800 Implicit null exception at 0x0000000003935f9a to 0x0000000003936929
Event: 407.810 Thread 0x000000001affc800 Implicit null exception at 0x0000000003d98f6c to 0x0000000003d98fe1
Event: 1915.860 Thread 0x000000001b4a0800 Exception <a 'java/lang/ArrayIndexOutOfBoundsException': 2> (0x00000000d60236d8) thrown at [C:\re\workspace\8-2-build-windows-amd64-cygwin\jdk8u221\13320\hotspot\src\share\vm\interpreter\interpreterRuntime.cpp, line 368]

Events (10 events):
Event: 1913.878 Thread 0x000000001a043000 flushing nmethod 0x0000000003d99ad0
Event: 1913.878 Thread 0x000000001a043000 flushing nmethod 0x0000000003d9a750
Event: 1913.881 Executing VM operation: RevokeBias
Event: 1913.881 Executing VM operation: RevokeBias done
Event: 1913.881 Executing VM operation: RevokeBias
Event: 1913.881 Executing VM operation: RevokeBias done
Event: 1915.860 Executing VM operation: RevokeBias
Event: 1915.861 Executing VM operation: RevokeBias done
Event: 1915.861 loading class javafx/concurrent/Task$TaskCallable
Event: 1915.861 loading class javafx/concurrent/Task$TaskCallable done


Dynamic libraries:
0x00007ff63b2f0000 - 0x00007ff63b327000 	C:\Program Files\Java\jdk1.8.0_221\jre\bin\java.exe
0x00007ffc2fbd0000 - 0x00007ffc2fdc6000 	C:\WINDOWS\SYSTEM32\ntdll.dll
0x00007ffc2e7e0000 - 0x00007ffc2e89d000 	C:\WINDOWS\System32\KERNEL32.DLL
0x00007ffc2d540000 - 0x00007ffc2d809000 	C:\WINDOWS\System32\KERNELBASE.dll
0x00007ffc2ef30000 - 0x00007ffc2efdc000 	C:\WINDOWS\System32\ADVAPI32.dll
0x00007ffc2ecf0000 - 0x00007ffc2ed8e000 	C:\WINDOWS\System32\msvcrt.dll
0x00007ffc2ea40000 - 0x00007ffc2eadc000 	C:\WINDOWS\System32\sechost.dll
0x00007ffc2efe0000 - 0x00007ffc2f10b000 	C:\WINDOWS\System32\RPCRT4.dll
0x00007ffc2ed90000 - 0x00007ffc2ef30000 	C:\WINDOWS\System32\USER32.dll
0x00007ffc2db80000 - 0x00007ffc2dba2000 	C:\WINDOWS\System32\win32u.dll
0x00007ffc2e8a0000 - 0x00007ffc2e8ca000 	C:\WINDOWS\System32\GDI32.dll
0x00007ffc2d310000 - 0x00007ffc2d419000 	C:\WINDOWS\System32\gdi32full.dll
0x00007ffc2d4a0000 - 0x00007ffc2d53d000 	C:\WINDOWS\System32\msvcp_win.dll
0x00007ffc2d870000 - 0x00007ffc2d970000 	C:\WINDOWS\System32\ucrtbase.dll
0x00007ffc18610000 - 0x00007ffc188ab000 	C:\WINDOWS\WinSxS\amd64_microsoft.windows.common-controls_6595b64144ccf1df_6.0.19041.488_none_ca04af081b815d21\COMCTL32.dll
0x00007ffc2ea00000 - 0x00007ffc2ea30000 	C:\WINDOWS\System32\IMM32.DLL
0x000000006b330000 - 0x000000006b402000 	C:\Program Files\Java\jdk1.8.0_221\jre\bin\msvcr100.dll
0x0000000069570000 - 0x0000000069e15000 	C:\Program Files\Java\jdk1.8.0_221\jre\bin\server\jvm.dll
0x00007ffc2f860000 - 0x00007ffc2f868000 	C:\WINDOWS\System32\PSAPI.DLL
0x00007ffc1fde0000 - 0x00007ffc1fde9000 	C:\WINDOWS\SYSTEM32\WSOCK32.dll
0x00007ffc236b0000 - 0x00007ffc236d7000 	C:\WINDOWS\SYSTEM32\WINMM.dll
0x00007ffc2f9d0000 - 0x00007ffc2fa3b000 	C:\WINDOWS\System32\WS2_32.dll
0x00007ffc27330000 - 0x00007ffc2733a000 	C:\WINDOWS\SYSTEM32\VERSION.dll
0x00007ffc1f070000 - 0x00007ffc1f07f000 	C:\Program Files\Java\jdk1.8.0_221\jre\bin\verify.dll
0x00007ffc06c40000 - 0x00007ffc06c69000 	C:\Program Files\Java\jdk1.8.0_221\jre\bin\java.dll
0x00007ffc1ce90000 - 0x00007ffc1cea6000 	C:\Program Files\Java\jdk1.8.0_221\jre\bin\zip.dll
0x00007ffc2f110000 - 0x00007ffc2f852000 	C:\WINDOWS\System32\SHELL32.dll
0x00007ffc2b460000 - 0x00007ffc2bbf5000 	C:\WINDOWS\SYSTEM32\windows.storage.dll
0x00007ffc2dc90000 - 0x00007ffc2dfe6000 	C:\WINDOWS\System32\combase.dll
0x00007ffc2cd80000 - 0x00007ffc2cdac000 	C:\WINDOWS\SYSTEM32\Wldp.dll
0x00007ffc2f870000 - 0x00007ffc2f91e000 	C:\WINDOWS\System32\SHCORE.dll
0x00007ffc2ec90000 - 0x00007ffc2ece5000 	C:\WINDOWS\System32\shlwapi.dll
0x00007ffc2d240000 - 0x00007ffc2d266000 	C:\WINDOWS\SYSTEM32\profapi.dll
0x000000001b710000 - 0x000000001b713000 	C:\Program Files\Java\jdk1.8.0_221\jre\bin\api-ms-win-core-console-l1-1-0.dll
0x000000001b720000 - 0x000000001b723000 	C:\Program Files\Java\jdk1.8.0_221\jre\bin\api-ms-win-core-datetime-l1-1-0.dll
0x000000001b730000 - 0x000000001b733000 	C:\Program Files\Java\jdk1.8.0_221\jre\bin\api-ms-win-core-debug-l1-1-0.dll
0x000000001b740000 - 0x000000001b743000 	C:\Program Files\Java\jdk1.8.0_221\jre\bin\api-ms-win-core-errorhandling-l1-1-0.dll
0x000000001b750000 - 0x000000001b754000 	C:\Program Files\Java\jdk1.8.0_221\jre\bin\api-ms-win-core-file-l1-1-0.dll
0x000000001b760000 - 0x000000001b763000 	C:\Program Files\Java\jdk1.8.0_221\jre\bin\api-ms-win-core-file-l1-2-0.dll
0x000000001b770000 - 0x000000001b773000 	C:\Program Files\Java\jdk1.8.0_221\jre\bin\api-ms-win-core-file-l2-1-0.dll
0x000000001b780000 - 0x000000001b783000 	C:\Program Files\Java\jdk1.8.0_221\jre\bin\api-ms-win-core-handle-l1-1-0.dll
0x000000001b790000 - 0x000000001b793000 	C:\Program Files\Java\jdk1.8.0_221\jre\bin\api-ms-win-core-heap-l1-1-0.dll
0x000000001b7a0000 - 0x000000001b7a3000 	C:\Program Files\Java\jdk1.8.0_221\jre\bin\api-ms-win-core-interlocked-l1-1-0.dll
0x000000001b7b0000 - 0x000000001b7b3000 	C:\Program Files\Java\jdk1.8.0_221\jre\bin\api-ms-win-core-libraryloader-l1-1-0.dll
0x000000001b7c0000 - 0x000000001b7c3000 	C:\Program Files\Java\jdk1.8.0_221\jre\bin\api-ms-win-core-localization-l1-2-0.dll
0x000000001b7d0000 - 0x000000001b7d3000 	C:\Program Files\Java\jdk1.8.0_221\jre\bin\api-ms-win-core-memory-l1-1-0.dll
0x000000001b7e0000 - 0x000000001b7e3000 	C:\Program Files\Java\jdk1.8.0_221\jre\bin\api-ms-win-core-namedpipe-l1-1-0.dll
0x000000001b7f0000 - 0x000000001b7f3000 	C:\Program Files\Java\jdk1.8.0_221\jre\bin\api-ms-win-core-processenvironment-l1-1-0.dll
0x000000001b800000 - 0x000000001b803000 	C:\Program Files\Java\jdk1.8.0_221\jre\bin\api-ms-win-core-processthreads-l1-1-0.dll
0x000000001b810000 - 0x000000001b813000 	C:\Program Files\Java\jdk1.8.0_221\jre\bin\api-ms-win-core-processthreads-l1-1-1.dll
0x000000001b820000 - 0x000000001b823000 	C:\Program Files\Java\jdk1.8.0_221\jre\bin\api-ms-win-core-profile-l1-1-0.dll
0x000000001b830000 - 0x000000001b833000 	C:\Program Files\Java\jdk1.8.0_221\jre\bin\api-ms-win-core-rtlsupport-l1-1-0.dll
0x000000001b840000 - 0x000000001b843000 	C:\Program Files\Java\jdk1.8.0_221\jre\bin\api-ms-win-core-string-l1-1-0.dll
0x000000001b850000 - 0x000000001b853000 	C:\Program Files\Java\jdk1.8.0_221\jre\bin\api-ms-win-core-synch-l1-1-0.dll
0x000000001b860000 - 0x000000001b863000 	C:\Program Files\Java\jdk1.8.0_221\jre\bin\api-ms-win-core-synch-l1-2-0.dll
0x000000001b870000 - 0x000000001b873000 	C:\Program Files\Java\jdk1.8.0_221\jre\bin\api-ms-win-core-sysinfo-l1-1-0.dll
0x000000001b880000 - 0x000000001b883000 	C:\Program Files\Java\jdk1.8.0_221\jre\bin\api-ms-win-core-timezone-l1-1-0.dll
0x000000001b890000 - 0x000000001b893000 	C:\Program Files\Java\jdk1.8.0_221\jre\bin\api-ms-win-core-util-l1-1-0.dll
0x000000001b8a0000 - 0x000000001b8a3000 	C:\Program Files\Java\jdk1.8.0_221\jre\bin\api-ms-win-crt-conio-l1-1-0.dll
0x000000001b8b0000 - 0x000000001b8b4000 	C:\Program Files\Java\jdk1.8.0_221\jre\bin\api-ms-win-crt-convert-l1-1-0.dll
0x000000001b8c0000 - 0x000000001b8c3000 	C:\Program Files\Java\jdk1.8.0_221\jre\bin\api-ms-win-crt-environment-l1-1-0.dll
0x000000001b8d0000 - 0x000000001b8d3000 	C:\Program Files\Java\jdk1.8.0_221\jre\bin\api-ms-win-crt-filesystem-l1-1-0.dll
0x000000001b8e0000 - 0x000000001b8e3000 	C:\Program Files\Java\jdk1.8.0_221\jre\bin\api-ms-win-crt-heap-l1-1-0.dll
0x000000001b8f0000 - 0x000000001b8f3000 	C:\Program Files\Java\jdk1.8.0_221\jre\bin\api-ms-win-crt-locale-l1-1-0.dll
0x000000001b900000 - 0x000000001b905000 	C:\Program Files\Java\jdk1.8.0_221\jre\bin\api-ms-win-crt-math-l1-1-0.dll
0x000000001b910000 - 0x000000001b915000 	C:\Program Files\Java\jdk1.8.0_221\jre\bin\api-ms-win-crt-multibyte-l1-1-0.dll
0x000000001b920000 - 0x000000001b930000 	C:\Program Files\Java\jdk1.8.0_221\jre\bin\api-ms-win-crt-private-l1-1-0.dll
0x000000001b930000 - 0x000000001b933000 	C:\Program Files\Java\jdk1.8.0_221\jre\bin\api-ms-win-crt-process-l1-1-0.dll
0x000000001b940000 - 0x000000001b944000 	C:\Program Files\Java\jdk1.8.0_221\jre\bin\api-ms-win-crt-runtime-l1-1-0.dll
0x000000001b950000 - 0x000000001b954000 	C:\Program Files\Java\jdk1.8.0_221\jre\bin\api-ms-win-crt-stdio-l1-1-0.dll
0x000000001b960000 - 0x000000001b964000 	C:\Program Files\Java\jdk1.8.0_221\jre\bin\api-ms-win-crt-string-l1-1-0.dll
0x000000001b970000 - 0x000000001b973000 	C:\Program Files\Java\jdk1.8.0_221\jre\bin\api-ms-win-crt-time-l1-1-0.dll
0x000000001b980000 - 0x000000001b983000 	C:\Program Files\Java\jdk1.8.0_221\jre\bin\api-ms-win-crt-utility-l1-1-0.dll
0x00007ffbfdc90000 - 0x00007ffbfdd86000 	C:\Program Files\Java\jdk1.8.0_221\jre\bin\ucrtbase.dll
0x00007ffc296f0000 - 0x00007ffc29706000 	C:\Program Files\Java\jdk1.8.0_221\jre\bin\vcruntime140.dll
0x00007ffbfd800000 - 0x00007ffbfd8aa000 	C:\Program Files\Java\jdk1.8.0_221\jre\bin\msvcp140.dll
0x00007ffbfd7a0000 - 0x00007ffbfd7f4000 	C:\Program Files\Java\jdk1.8.0_221\jre\bin\concrt140.dll
0x00007ffc0f330000 - 0x00007ffc0f353000 	C:\Program Files\Java\jdk1.8.0_221\jre\bin\prism_d3d.dll
0x00007ffc23ba0000 - 0x00007ffc23d6f000 	C:\WINDOWS\system32\d3d9.dll
0x00007ffc2b260000 - 0x00007ffc2b272000 	C:\WINDOWS\SYSTEM32\kernel.appcore.dll
0x00007ffc2af70000 - 0x00007ffc2af9f000 	C:\WINDOWS\SYSTEM32\dwmapi.dll
0x00007ffc2ada0000 - 0x00007ffc2ae3e000 	C:\WINDOWS\system32\uxtheme.dll
0x00007ffbd17d0000 - 0x00007ffbd3a08000 	C:\WINDOWS\SYSTEM32\igdumdim64.dll
0x00007ffc2e280000 - 0x00007ffc2e6e7000 	C:\WINDOWS\System32\SETUPAPI.dll
0x00007ffc2dbb0000 - 0x00007ffc2dbfe000 	C:\WINDOWS\System32\cfgmgr32.dll
0x00007ffc2dc00000 - 0x00007ffc2dc27000 	C:\WINDOWS\System32\bcrypt.dll
0x00007ffc2e930000 - 0x00007ffc2e9fd000 	C:\WINDOWS\System32\OLEAUT32.dll
0x00007ffc2fa40000 - 0x00007ffc2fb6a000 	C:\WINDOWS\System32\ole32.dll
0x00007ffc07230000 - 0x00007ffc07279000 	C:\Program Files\Java\jdk1.8.0_221\jre\bin\glass.dll
0x00007ffc2dff0000 - 0x00007ffc2e0cb000 	C:\WINDOWS\System32\COMDLG32.dll
0x00007ffc2e150000 - 0x00007ffc2e266000 	C:\WINDOWS\System32\MSCTF.dll
0x00007ffc2d420000 - 0x00007ffc2d4a0000 	C:\WINDOWS\System32\bcryptPrimitives.dll
0x00007ffc1f2e0000 - 0x00007ffc1fce4000 	C:\WINDOWS\SYSTEM32\igdusc64.dll
0x00007ffc290d0000 - 0x00007ffc2910b000 	C:\WINDOWS\SYSTEM32\dxcore.dll
0x00007ffc1c070000 - 0x00007ffc1c084000 	C:\Program Files\Java\jdk1.8.0_221\jre\bin\javafx_font.dll
0x00007ffc215c0000 - 0x00007ffc2183f000 	C:\WINDOWS\SYSTEM32\dwrite.dll
0x00007ffc2f920000 - 0x00007ffc2f9c9000 	C:\WINDOWS\System32\clbcatq.dll
0x00007ffc24010000 - 0x00007ffc241c4000 	C:\WINDOWS\SYSTEM32\WindowsCodecs.dll
0x00007ffc17e10000 - 0x00007ffc17e4e000 	C:\WINDOWS\system32\dataexchange.dll
0x00007ffc29740000 - 0x00007ffc299a4000 	C:\WINDOWS\system32\d3d11.dll
0x00007ffc2a570000 - 0x00007ffc2a757000 	C:\WINDOWS\system32\dcomp.dll
0x00007ffc2bc60000 - 0x00007ffc2bd53000 	C:\WINDOWS\system32\dxgi.dll
0x00007ffc24770000 - 0x00007ffc24978000 	C:\WINDOWS\system32\twinapi.appcore.dll
0x00007ffbf14c0000 - 0x00007ffbf14f4000 	C:\Program Files\Common Files\Microsoft Shared\Ink\rtscom.dll
0x00007ffc22dd0000 - 0x00007ffc22ecd000 	C:\WINDOWS\SYSTEM32\textinputframework.dll
0x00007ffc2aac0000 - 0x00007ffc2abb2000 	C:\WINDOWS\System32\CoreMessaging.dll
0x00007ffc2a760000 - 0x00007ffc2aabe000 	C:\WINDOWS\System32\CoreUIComponents.dll
0x00007ffc2c050000 - 0x00007ffc2c083000 	C:\WINDOWS\SYSTEM32\ntmarta.dll
0x00007ffc2a410000 - 0x00007ffc2a566000 	C:\WINDOWS\SYSTEM32\wintypes.dll
0x00007ffc15070000 - 0x00007ffc15081000 	C:\Program Files\Java\jdk1.8.0_221\jre\bin\prism_common.dll
0x00007ffc2ccd0000 - 0x00007ffc2cce8000 	C:\WINDOWS\SYSTEM32\CRYPTSP.dll
0x00007ffc2c420000 - 0x00007ffc2c454000 	C:\WINDOWS\system32\rsaenh.dll
0x00007ffc2d200000 - 0x00007ffc2d22e000 	C:\WINDOWS\SYSTEM32\USERENV.dll
0x00007ffc2ccf0000 - 0x00007ffc2ccfc000 	C:\WINDOWS\SYSTEM32\CRYPTBASE.dll
0x00007ffc0f1c0000 - 0x00007ffc0f1da000 	C:\Program Files\Java\jdk1.8.0_221\jre\bin\net.dll
0x00007ffc19de0000 - 0x00007ffc19fcd000 	C:\WINDOWS\SYSTEM32\urlmon.dll
0x00007ffc1bc30000 - 0x00007ffc1bee0000 	C:\WINDOWS\SYSTEM32\iertutil.dll
0x00007ffc2cb00000 - 0x00007ffc2cb6a000 	C:\WINDOWS\system32\mswsock.dll
0x00007ffc2c7a0000 - 0x00007ffc2c7db000 	C:\WINDOWS\SYSTEM32\IPHLPAPI.DLL
0x00007ffc2e270000 - 0x00007ffc2e278000 	C:\WINDOWS\System32\NSI.dll
0x00007ffc26f60000 - 0x00007ffc26f77000 	C:\WINDOWS\SYSTEM32\dhcpcsvc6.DLL
0x00007ffc27030000 - 0x00007ffc2704d000 	C:\WINDOWS\SYSTEM32\dhcpcsvc.DLL
0x00007ffc2c7f0000 - 0x00007ffc2c8bb000 	C:\WINDOWS\SYSTEM32\DNSAPI.dll
0x00007ffc0dc00000 - 0x00007ffc0dc12000 	C:\Program Files\Java\jdk1.8.0_221\jre\bin\nio.dll
0x0000000066e00000 - 0x0000000066f03000 	C:\Users\bonyo\AppData\Local\Temp\sqlite-3.25.2-0b0ba773-ccbf-430c-9f9c-215d8c545210-sqlitejdbc.dll
0x00007ffc299b0000 - 0x00007ffc29f70000 	C:\WINDOWS\SYSTEM32\d2d1.dll
0x00007ffc0e630000 - 0x00007ffc0ed26000 	C:\WINDOWS\SYSTEM32\D3D10Warp.dll
0x00007ffc17460000 - 0x00007ffc17644000 	C:\WINDOWS\SYSTEM32\dbghelp.dll

VM Arguments:
java_command: C:\Users\bonyo\OneDrive\Desktop\jat\Rental-Application-Vertical-Menu\target/RentVerticalMenu-1.0-SNAPSHOT.jar
java_class_path (initial): C:\Users\bonyo\OneDrive\Desktop\jat\Rental-Application-Vertical-Menu\target/RentVerticalMenu-1.0-SNAPSHOT.jar
Launcher Type: SUN_STANDARD

Environment Variables:
JAVA_HOME=C:\Program Files\Java\jdk1.8.0_221
PATH=C:\Program Files (x86)\Common Files\Oracle\Java\javapath;C:\WINDOWS\system32;C:\WINDOWS;C:\WINDOWS\System32\Wbem;C:\WINDOWS\System32\WindowsPowerShell\v1.0\;C:\apache-maven-3.6.3\bin;C:\Program Files\Java\jdk1.8.0_221\bin;C:\WINDOWS\System32\OpenSSH\;C:\Program Files (x86)\NVIDIA Corporation\PhysX\Common;C:\Program Files\NVIDIA Corporation\NVIDIA NvDLISR;%SystemRoot%\system32;%SystemRoot%;%SystemRoot%\System32\Wbem;%SYSTEMROOT%\System32\WindowsPowerShell\v1.0\;%SYSTEMROOT%\System32\OpenSSH\;C:\Users\bonyo\AppData\Local\Microsoft\WindowsApps;
USERNAME=bonyo
OS=Windows_NT
PROCESSOR_IDENTIFIER=Intel64 Family 6 Model 60 Stepping 3, GenuineIntel



---------------  S Y S T E M  ---------------

OS: Windows 10.0 , 64 bit Build 19041 (10.0.19041.662)

CPU:total 8 (initial active 8) (4 cores per cpu, 2 threads per core) family 6 model 60 stepping 3, cmov, cx8, fxsr, mmx, sse, sse2, sse3, ssse3, sse4.1, sse4.2, popcnt, avx, avx2, aes, clmul, erms, lzcnt, ht, tsc, tscinvbit, bmi1, bmi2

Memory: 4k page, physical 8302956k(1819212k free), swap 14784552k(5728108k free)

vm_info: Java HotSpot(TM) 64-Bit Server VM (25.221-b11) for windows-amd64 JRE (1.8.0_221-b11), built on Jul  4 2019 04:39:29 by "java_re" with MS VC++ 10.0 (VS2010)

time: Fri Jan 15 12:15:19 2021
timezone: E. Africa Standard Time
elapsed time: 1916 seconds (0d 0h 31m 56s)

